[    0.000000] Initializing cgroup subsys cpuset
[    0.000000] Initializing cgroup subsys cpu
[    0.000000] Initializing cgroup subsys cpuacct
[    0.000000] Linux version 4.4.0-210-generic (buildd@lgw01-amd64-009) (gcc version 5.4.0 20160609 (Ubuntu 5.4.0-6ubuntu1~16.04.12) ) #242-Ubuntu SMP Fri Apr 16 09:57:56 UTC 2021 (Ubuntu 4.4.0-210.242-generic 4.4.262)
[    0.000000] Command line: BOOT_IMAGE=/boot/vmlinuz-4.4.0-210-generic root=LABEL=cloudimg-rootfs ro console=tty1 console=ttyS0
[    0.000000] KERNEL supported cpus:
[    0.000000]   Intel GenuineIntel
[    0.000000]   AMD AuthenticAMD
[    0.000000]   Centaur CentaurHauls
[    0.000000] x86/fpu: xstate_offset[2]:  576, xstate_sizes[2]:  256
[    0.000000] x86/fpu: Supporting XSAVE feature 0x01: 'x87 floating point registers'
[    0.000000] x86/fpu: Supporting XSAVE feature 0x02: 'SSE registers'
[    0.000000] x86/fpu: Supporting XSAVE feature 0x04: 'AVX registers'
[    0.000000] x86/fpu: Enabled xstate features 0x7, context size is 832 bytes, using 'standard' format.
[    0.000000] e820: BIOS-provided physical RAM map:
[    0.000000] BIOS-e820: [mem 0x0000000000000000-0x000000000009fbff] usable
[    0.000000] BIOS-e820: [mem 0x000000000009fc00-0x000000000009ffff] reserved
[    0.000000] BIOS-e820: [mem 0x00000000000f0000-0x00000000000fffff] reserved
[    0.000000] BIOS-e820: [mem 0x0000000000100000-0x000000003ffeffff] usable
[    0.000000] BIOS-e820: [mem 0x000000003fff0000-0x000000003fffffff] ACPI data
[    0.000000] BIOS-e820: [mem 0x00000000fec00000-0x00000000fec00fff] reserved
[    0.000000] BIOS-e820: [mem 0x00000000fee00000-0x00000000fee00fff] reserved
[    0.000000] BIOS-e820: [mem 0x00000000fffc0000-0x00000000ffffffff] reserved
[    0.000000] NX (Execute Disable) protection: active
[    0.000000] SMBIOS 2.5 present.
[    0.000000] Hypervisor detected: KVM
[    0.000000] e820: last_pfn = 0x3fff0 max_arch_pfn = 0x400000000
[    0.000000] MTRR: Disabled
[    0.000000] x86/PAT: MTRRs disabled, skipping PAT initialization too.
[    0.000000] CPU MTRRs all blank - virtualized system.
[    0.000000] x86/PAT: Configuration [0-7]: WB  WT  UC- UC  WB  WT  UC- UC  
[    0.000000] found SMP MP-table at [mem 0x0009fff0-0x0009ffff] mapped at [ffff88000009fff0]
[    0.000000] Scanning 1 areas for low memory corruption
[    0.000000] RAMDISK: [mem 0x362dc000-0x37165fff]
[    0.000000] ACPI: Early table checksum verification disabled
[    0.000000] ACPI: RSDP 0x00000000000E0000 000024 (v02 VBOX  )
[    0.000000] ACPI: XSDT 0x000000003FFF0030 00003C (v01 VBOX   VBOXXSDT 00000001 ASL  00000061)
[    0.000000] ACPI: FACP 0x000000003FFF00F0 0000F4 (v04 VBOX   VBOXFACP 00000001 ASL  00000061)
[    0.000000] ACPI: DSDT 0x000000003FFF0610 002353 (v02 VBOX   VBOXBIOS 00000002 INTL 20200925)
[    0.000000] ACPI: FACS 0x000000003FFF0200 000040
[    0.000000] ACPI: FACS 0x000000003FFF0200 000040
[    0.000000] ACPI: APIC 0x000000003FFF0240 00005C (v02 VBOX   VBOXAPIC 00000001 ASL  00000061)
[    0.000000] ACPI: SSDT 0x000000003FFF02A0 00036C (v01 VBOX   VBOXCPUT 00000002 INTL 20200925)
[    0.000000] No NUMA configuration found
[    0.000000] Faking a node at [mem 0x0000000000000000-0x000000003ffeffff]
[    0.000000] NODE_DATA(0) allocated [mem 0x3ffeb000-0x3ffeffff]
[    0.000000] kvm-clock: Using msrs 4b564d01 and 4b564d00
[    0.000000] kvm-clock: cpu 0, msr 0:3ffe3001, primary cpu clock
[    0.000000] kvm-clock: using sched offset of 3080998869 cycles
[    0.000000] clocksource: kvm-clock: mask: 0xffffffffffffffff max_cycles: 0x1cd42e4dffb, max_idle_ns: 881590591483 ns
[    0.000000] Zone ranges:
[    0.000000]   DMA      [mem 0x0000000000001000-0x0000000000ffffff]
[    0.000000]   DMA32    [mem 0x0000000001000000-0x000000003ffeffff]
[    0.000000]   Normal   empty
[    0.000000]   Device   empty
[    0.000000] Movable zone start for each node
[    0.000000] Early memory node ranges
[    0.000000]   node   0: [mem 0x0000000000001000-0x000000000009efff]
[    0.000000]   node   0: [mem 0x0000000000100000-0x000000003ffeffff]
[    0.000000] Initmem setup node 0 [mem 0x0000000000001000-0x000000003ffeffff]
[    0.000000] ACPI: PM-Timer IO Port: 0x4008
[    0.000000] IOAPIC[0]: apic_id 2, version 32, address 0xfec00000, GSI 0-23
[    0.000000] ACPI: INT_SRC_OVR (bus 0 bus_irq 0 global_irq 2 dfl dfl)
[    0.000000] ACPI: INT_SRC_OVR (bus 0 bus_irq 9 global_irq 9 low level)
[    0.000000] Using ACPI (MADT) for SMP configuration information
[    0.000000] smpboot: Allowing 2 CPUs, 0 hotplug CPUs
[    0.000000] PM: Registered nosave memory: [mem 0x00000000-0x00000fff]
[    0.000000] PM: Registered nosave memory: [mem 0x0009f000-0x0009ffff]
[    0.000000] PM: Registered nosave memory: [mem 0x000a0000-0x000effff]
[    0.000000] PM: Registered nosave memory: [mem 0x000f0000-0x000fffff]
[    0.000000] e820: [mem 0x40000000-0xfebfffff] available for PCI devices
[    0.000000] Booting paravirtualized kernel on KVM
[    0.000000] clocksource: refined-jiffies: mask: 0xffffffff max_cycles: 0xffffffff, max_idle_ns: 7645519600211568 ns
[    0.000000] setup_percpu: NR_CPUS:512 nr_cpumask_bits:512 nr_cpu_ids:2 nr_node_ids:1
[    0.000000] PERCPU: Embedded 33 pages/cpu @ffff88003fc00000 s95192 r8192 d31784 u1048576
[    0.000000] Built 1 zonelists in Node order, mobility grouping on.  Total pages: 257912
[    0.000000] Policy zone: DMA32
[    0.000000] Kernel command line: BOOT_IMAGE=/boot/vmlinuz-4.4.0-210-generic root=LABEL=cloudimg-rootfs ro console=tty1 console=ttyS0
[    0.000000] PID hash table entries: 4096 (order: 3, 32768 bytes)
[    0.000000] Memory: 997792K/1048120K available (8644K kernel code, 1332K rwdata, 4044K rodata, 1492K init, 1164K bss, 50328K reserved, 0K cma-reserved)
[    0.000000] SLUB: HWalign=64, Order=0-3, MinObjects=0, CPUs=2, Nodes=1
[    0.000000] Kernel/User page tables isolation: enabled
[    0.000000] Hierarchical RCU implementation.
[    0.000000] 	Build-time adjustment of leaf fanout to 64.
[    0.000000] 	RCU restricting CPUs from NR_CPUS=512 to nr_cpu_ids=2.
[    0.000000] RCU: Adjusting geometry for rcu_fanout_leaf=64, nr_cpu_ids=2
[    0.000000] NR_IRQS:33024 nr_irqs:440 16
[    0.000000] Console: colour VGA+ 80x25
[    0.000000] console [tty1] enabled
[    0.000000] console [ttyS0] enabled
[    0.000000] tsc: Detected 1895.997 MHz processor
[    0.178930] Calibrating delay loop (skipped) preset value.. 3791.99 BogoMIPS (lpj=7583988)
[    0.181178] pid_max: default: 32768 minimum: 301
[    0.182431] ACPI: Core revision 20150930
[    0.185765] ACPI: 2 ACPI AML tables successfully acquired and loaded
[    0.187481] Security Framework initialized
[    0.188650] Yama: becoming mindful.
[    0.189673] AppArmor: AppArmor initialized
[    0.190831] Dentry cache hash table entries: 131072 (order: 8, 1048576 bytes)
[    0.194766] Inode-cache hash table entries: 65536 (order: 7, 524288 bytes)
[    0.196454] Mount-cache hash table entries: 2048 (order: 2, 16384 bytes)
[    0.197954] Mountpoint-cache hash table entries: 2048 (order: 2, 16384 bytes)
[    0.199736] Initializing cgroup subsys io
[    0.200843] Initializing cgroup subsys memory
[    0.201984] Initializing cgroup subsys devices
[    0.203285] Initializing cgroup subsys freezer
[    0.204423] Initializing cgroup subsys net_cls
[    0.205513] Initializing cgroup subsys perf_event
[    0.206633] Initializing cgroup subsys net_prio
[    0.207801] Initializing cgroup subsys hugetlb
[    0.208974] Initializing cgroup subsys pids
[    0.227963] mce: CPU supports 0 MCE banks
[    0.229052] Last level iTLB entries: 4KB 64, 2MB 8, 4MB 8
[    0.230427] Last level dTLB entries: 4KB 64, 2MB 0, 4MB 0, 1GB 4
[    0.231854] Spectre V1 : Mitigation: usercopy/swapgs barriers and __user pointer sanitization
[    0.234128] Spectre V2 : Mitigation: Full generic retpoline
[    0.235492] Spectre V2 : Spectre v2 / SpectreRSB mitigation: Filling RSB on context switch
[    0.237576] Speculative Store Bypass: Vulnerable
[    0.238731] SRBDS: Unknown: Dependent on hypervisor status
[    0.240158] MDS: Mitigation: Clear CPU buffers
[    0.245870] Freeing SMP alternatives memory: 36K
[    0.255017] ftrace: allocating 32380 entries in 127 pages
[    0.325519] smpboot: APIC(0) Converting physical 0 to logical package 0
[    0.327275] smpboot: Max logical packages: 1
[    0.328858] x2apic enabled
[    0.330154] Switched APIC routing to physical x2apic.
[    0.333120] ..TIMER: vector=0x30 apic1=0 pin1=2 apic2=-1 pin2=-1
[    0.442758] smpboot: CPU0: Intel(R) Core(TM) i5-8350U CPU @ 1.70GHz (family: 0x6, model: 0x8e, stepping: 0xa)
[    0.445747] Performance Events: unsupported p6 CPU model 142 no PMU driver, software events only.
[    0.461154] KVM setup paravirtual spinlock
[    0.463596] x86: Booting SMP configuration:
[    0.464900] .... node  #0, CPUs:      #1
[    0.466137] kvm-clock: cpu 1, msr 0:3ffe3041, secondary cpu clock
[    0.484092] mce: CPU supports 0 MCE banks
[    0.487037] x86: Booted up 1 node, 2 CPUs
[    0.488643] smpboot: Total of 2 processors activated (7583.98 BogoMIPS)
[    0.491075] devtmpfs: initialized
[    0.494248] evm: security.selinux
[    0.495242] evm: security.SMACK64
[    0.496244] evm: security.SMACK64EXEC
[    0.497333] evm: security.SMACK64TRANSMUTE
[    0.498552] evm: security.SMACK64MMAP
[    0.499662] evm: security.ima
[    0.500647] evm: security.capability
[    0.502967] clocksource: jiffies: mask: 0xffffffff max_cycles: 0xffffffff, max_idle_ns: 7645041785100000 ns
[    0.505502] futex hash table entries: 512 (order: 3, 32768 bytes)
[    0.507228] pinctrl core: initialized pinctrl subsystem
[    0.508669] RTC time:  6:42:17, date: 01/25/24
[    0.510276] NET: Registered protocol family 16
[    0.519007] cpuidle: using governor ladder
[    0.531063] cpuidle: using governor menu
[    0.532209] PCCT header not found.
[    0.533421] ACPI: bus type PCI registered
[    0.534586] acpiphp: ACPI Hot Plug PCI Controller Driver version: 0.5
[    0.536459] PCI: Using configuration type 1 for base access
[    0.547722] ACPI: Added _OSI(Module Device)
[    0.548911] ACPI: Added _OSI(Processor Device)
[    0.550100] ACPI: Added _OSI(3.0 _SCP Extensions)
[    0.551429] ACPI: Added _OSI(Processor Aggregator Device)
[    0.553527] ACPI: Executed 1 blocks of module-level executable AML code
[    0.557943] ACPI: Interpreter enabled
[    0.558984] ACPI: (supports S0 S5)
[    0.560027] ACPI: Using IOAPIC for interrupt routing
[    0.561589] PCI: Using host bridge windows from ACPI; if necessary, use "pci=nocrs" and report a bug
[    0.568336] ACPI: PCI Root Bridge [PCI0] (domain 0000 [bus 00-ff])
[    0.570029] acpi PNP0A03:00: _OSC: OS supports [ASPM ClockPM Segments MSI]
[    0.572045] acpi PNP0A03:00: _OSC: not requesting OS control; OS requires [ExtendedConfig ASPM ClockPM MSI]
[    0.574368] acpi PNP0A03:00: fail to add MMCONFIG information, can't access extended PCI configuration space under this bridge.
[    0.577656] PCI host bridge to bus 0000:00
[    0.578852] pci_bus 0000:00: root bus resource [io  0x0000-0x0cf7 window]
[    0.580517] pci_bus 0000:00: root bus resource [io  0x0d00-0xffff window]
[    0.582257] pci_bus 0000:00: root bus resource [mem 0x000a0000-0x000bffff window]
[    0.584441] pci_bus 0000:00: root bus resource [mem 0x40000000-0xfdffffff window]
[    0.586847] pci_bus 0000:00: root bus resource [bus 00-ff]
[    0.590073] pci 0000:00:01.1: legacy IDE quirk: reg 0x10: [io  0x01f0-0x01f7]
[    0.591781] pci 0000:00:01.1: legacy IDE quirk: reg 0x14: [io  0x03f6]
[    0.593450] pci 0000:00:01.1: legacy IDE quirk: reg 0x18: [io  0x0170-0x0177]
[    0.610009] pci 0000:00:01.1: legacy IDE quirk: reg 0x1c: [io  0x0376]
[    0.626596] pci 0000:00:07.0: quirk: [io  0x4000-0x403f] claimed by PIIX4 ACPI
[    0.628697] pci 0000:00:07.0: quirk: [io  0x4100-0x410f] claimed by PIIX4 SMB
[    0.634848] ACPI: PCI Interrupt Link [LNKA] (IRQs 5 9 10 *11)
[    0.636872] ACPI: PCI Interrupt Link [LNKB] (IRQs 5 9 *10 11)
[    0.638708] ACPI: PCI Interrupt Link [LNKC] (IRQs 5 *9 10 11)
[    0.640603] ACPI: PCI Interrupt Link [LNKD] (IRQs 5 9 10 *11)
[    0.642501] ACPI: Enabled 2 GPEs in block 00 to 07
[    0.644094] vgaarb: setting as boot device: PCI:0000:00:02.0
[    0.645466] vgaarb: device added: PCI:0000:00:02.0,decodes=io+mem,owns=io+mem,locks=none
[    0.647618] vgaarb: loaded
[    0.648467] vgaarb: bridge control possible 0000:00:02.0
[    0.650039] SCSI subsystem initialized
[    0.651245] ACPI: bus type USB registered
[    0.652464] usbcore: registered new interface driver usbfs
[    0.653809] usbcore: registered new interface driver hub
[    0.655246] usbcore: registered new device driver usb
[    0.660305] PCI: Using ACPI for IRQ routing
[    0.661743] NetLabel: Initializing
[    0.662729] NetLabel:  domain hash size = 128
[    0.663863] NetLabel:  protocols = UNLABELED CIPSOv4
[    0.665128] NetLabel:  unlabeled traffic allowed by default
[    0.666609] amd_nb: Cannot enumerate AMD northbridges
[    0.667912] clocksource: Switched to clocksource kvm-clock
[    0.679144] AppArmor: AppArmor Filesystem Enabled
[    0.680487] pnp: PnP ACPI init
[    0.682237] pnp: PnP ACPI: found 3 devices
[    0.693437] clocksource: acpi_pm: mask: 0xffffff max_cycles: 0xffffff, max_idle_ns: 2085701024 ns
[    0.695825] NET: Registered protocol family 2
[    0.697224] TCP established hash table entries: 8192 (order: 4, 65536 bytes)
[    0.698912] TCP bind hash table entries: 8192 (order: 5, 131072 bytes)
[    0.700551] TCP: Hash tables configured (established 8192 bind 8192)
[    0.702116] UDP hash table entries: 512 (order: 2, 16384 bytes)
[    0.703555] UDP-Lite hash table entries: 512 (order: 2, 16384 bytes)
[    0.705138] NET: Registered protocol family 1
[    0.706298] pci 0000:00:00.0: Limiting direct PCI/PCI transfers
[    0.707752] pci 0000:00:01.0: Activating ISA DMA hang workarounds
[    0.709345] Unpacking initramfs...
[    0.975460] Freeing initrd memory: 14888K
[    0.976828] clocksource: tsc: mask: 0xffffffffffffffff max_cycles: 0x36a8cd570f7, max_idle_ns: 881590638222 ns
[    0.979362] platform rtc_cmos: registered platform RTC device (no PNP device found)
[    0.981554] Scanning for low memory corruption every 60 seconds
[    0.983341] audit: initializing netlink subsys (disabled)
[    0.984727] audit: type=2000 audit(1706164942.196:1): initialized
[    0.986519] Initialise system trusted keyring
[    0.987855] HugeTLB registered 2 MB page size, pre-allocated 0 pages
[    0.990814] zbud: loaded
[    0.992129] VFS: Disk quotas dquot_6.6.0
[    0.993249] VFS: Dquot-cache hash table entries: 512 (order 0, 4096 bytes)
[    0.995337] squashfs: version 4.0 (2009/01/31) Phillip Lougher
[    0.997135] fuse init (API version 7.23)
[    0.998403] Key type big_key registered
[    0.999502] Allocating IMA MOK and blacklist keyrings.
[    1.001849] Key type asymmetric registered
[    1.002981] Asymmetric key parser 'x509' registered
[    1.004306] Block layer SCSI generic (bsg) driver version 0.4 loaded (major 249)
[    1.006351] io scheduler noop registered
[    1.007419] io scheduler deadline registered (default)
[    1.008696] io scheduler cfq registered
[    1.009884] pci_hotplug: PCI Hot Plug PCI Core version: 0.5
[    1.011307] pciehp: PCI Express Hot Plug Controller Driver version: 0.4
[    1.013061] ACPI: AC Adapter [AC] (on-line)
[    1.014229] input: Power Button as /devices/LNXSYSTM:00/LNXPWRBN:00/input/input0
[    1.016176] ACPI: Power Button [PWRF]
[    1.017285] input: Sleep Button as /devices/LNXSYSTM:00/LNXSLPBN:00/input/input1
[    1.019314] ACPI: Sleep Button [SLPF]
[    1.020590] GHES: HEST is not enabled!
[    1.021351] ACPI: Battery Slot [BAT0] (battery present)
[    1.023180] Serial: 8250/16550 driver, 32 ports, IRQ sharing enabled
[    1.045212] 00:02: ttyS0 at I/O 0x3f8 (irq = 4, base_baud = 115200) is a 16550A
[    1.049236] Linux agpgart interface v0.103
[    1.052245] loop: module loaded
[    1.053822] scsi host0: ata_piix
[    1.054910] scsi host1: ata_piix
[    1.055959] ata1: PATA max UDMA/33 cmd 0x1f0 ctl 0x3f6 bmdma 0xd000 irq 14
[    1.057521] ata2: PATA max UDMA/33 cmd 0x170 ctl 0x376 bmdma 0xd008 irq 15
[    1.059161] libphy: Fixed MDIO Bus: probed
[    1.060292] tun: Universal TUN/TAP device driver, 1.6
[    1.061597] tun: (C) 1999-2004 Max Krasnyansky <maxk@qualcomm.com>
[    1.063165] PPP generic driver version 2.4.2
[    1.064383] ehci_hcd: USB 2.0 'Enhanced' Host Controller (EHCI) Driver
[    1.065915] ehci-pci: EHCI PCI platform driver
[    1.067086] ehci-platform: EHCI generic platform driver
[    1.068495] ohci_hcd: USB 1.1 'Open' Host Controller (OHCI) Driver
[    1.069955] ohci-pci: OHCI PCI platform driver
[    1.071155] ohci-platform: OHCI generic platform driver
[    1.072533] uhci_hcd: USB Universal Host Controller Interface driver
[    1.074058] i8042: PNP: PS/2 Controller [PNP0303:PS2K,PNP0f03:PS2M] at 0x60,0x64 irq 1,12
[    1.076694] serio: i8042 KBD port at 0x60,0x64 irq 1
[    1.077947] serio: i8042 AUX port at 0x60,0x64 irq 12
[    1.079447] mousedev: PS/2 mouse device common for all mice
[    1.081181] input: AT Translated Set 2 keyboard as /devices/platform/i8042/serio0/input/input2
[    1.084041] rtc_cmos rtc_cmos: rtc core: registered rtc_cmos as rtc0
[    1.085751] rtc_cmos rtc_cmos: alarms up to one day, 114 bytes nvram
[    1.087244] i2c /dev entries driver
[    1.088355] device-mapper: uevent: version 1.0.3
[    1.089659] device-mapper: ioctl: 4.34.0-ioctl (2015-10-28) initialised: dm-devel@redhat.com
[    1.091745] ledtrig-cpu: registered to indicate activity on CPUs
[    1.093508] NET: Registered protocol family 10
[    1.094823] NET: Registered protocol family 17
[    1.095998] Key type dns_resolver registered
[    1.097511] registered taskstats version 1
[    1.098607] Loading compiled-in X.509 certificates
[    1.100369] Loaded X.509 cert 'Build time autogenerated kernel key: cf00e047681d67edb2720680708b7d9498083038'
[    1.102807] zswap: loaded using pool lzo/zbud
[    1.105830] Key type trusted registered
[    1.110228] Key type encrypted registered
[    1.111338] AppArmor: AppArmor sha1 policy hashing enabled
[    1.112705] ima: No TPM chip found, activating TPM-bypass!
[    1.114061] ima: Allocated hash algorithm: sha1
[    1.115969] evm: HMAC attrs: 0x1
[    1.117252]   Magic number: 8:167:722
[    1.118357] block loop2: hash matches
[    1.119525] rtc_cmos rtc_cmos: setting system clock to 2024-01-25 06:42:18 UTC (1706164938)
[    1.121944] BIOS EDD facility v0.16 2004-Jun-25, 0 devices found
[    1.123456] EDD information not available.
[    1.235986] Freeing unused kernel memory: 1492K
[    1.237221] Write protecting the kernel read-only data: 14336k
[    1.239475] Freeing unused kernel memory: 1584K
[    1.241609] Freeing unused kernel memory: 52K
Loading, please wait...
starting version 229
[    1.256895] random: systemd-udevd: uninitialized urandom read (16 bytes read, 3 bits of entropy available)
[    1.257765] random: udevadm: uninitialized urandom read (16 bytes read, 3 bits of entropy available)
[    1.257800] random: udevadm: uninitialized urandom read (16 bytes read, 3 bits of entropy available)
[    1.264544] random: systemd-udevd: uninitialized urandom read (16 bytes read, 3 bits of entropy available)
[    1.267173] random: systemd-udevd: uninitialized urandom read (16 bytes read, 3 bits of entropy available)
[    1.268465] random: udevadm: uninitialized urandom read (16 bytes read, 3 bits of entropy available)
[    1.268534] random: udevadm: uninitialized urandom read (16 bytes read, 3 bits of entropy available)
[    1.268739] random: udevadm: uninitialized urandom read (16 bytes read, 3 bits of entropy available)
[    1.268821] random: udevadm: uninitialized urandom read (16 bytes read, 3 bits of entropy available)
[    1.268902] random: udevadm: uninitialized urandom read (16 bytes read, 3 bits of entropy available)
[    1.325724] e1000: Intel(R) PRO/1000 Network Driver - version 7.3.21-k8-NAPI
[    1.327736] e1000: Copyright (c) 1999-2006 Intel Corporation.
[    1.329247] Fusion MPT base driver 3.04.20
[    1.330767] Copyright (c) 1999-2008 LSI Corporation
[    1.339312] Fusion MPT SPI Host driver 3.04.20
[    1.354950] AVX2 version of gcm_enc/dec engaged.
[    1.356508] AES CTR mode by8 optimization enabled
[    1.545153] input: ImExPS/2 Generic Explorer Mouse as /devices/platform/i8042/serio1/input/input4
[    1.717992] e1000 0000:00:03.0 eth0: (PCI:33MHz:32-bit) 02:be:82:6b:cc:1d
[    1.719941] e1000 0000:00:03.0 eth0: Intel(R) PRO/1000 Network Connection
[    1.722939] mptbase: ioc0: Initiating bringup
[    1.723281] e1000 0000:00:03.0 enp0s3: renamed from eth0
[    1.796287] ioc0: LSI53C1030 A0: Capabilities={Initiator}
[    1.957798] scsi host2: ioc0: LSI53C1030 A0, FwRev=00000000h, Ports=1, MaxQ=256, IRQ=20
[    2.076642] scsi 2:0:0:0: Direct-Access     VBOX     HARDDISK         1.0  PQ: 0 ANSI: 5
[    2.079138] scsi target2:0:0: Beginning Domain Validation
[    2.081494] scsi target2:0:0: Domain Validation skipping write tests
[    2.083205] scsi target2:0:0: Ending Domain Validation
[    2.084689] scsi target2:0:0: asynchronous
[    2.086605] scsi 2:0:1:0: Direct-Access     VBOX     HARDDISK         1.0  PQ: 0 ANSI: 5
[    2.089035] scsi target2:0:1: Beginning Domain Validation
[    2.091409] scsi target2:0:1: Domain Validation skipping write tests
[    2.109183] scsi target2:0:1: Ending Domain Validation
[    2.110643] scsi target2:0:1: asynchronous
[    2.116709] sd 2:0:0:0: [sda] 83886080 512-byte logical blocks: (42.9 GB/40.0 GiB)
[    2.117154] sd 2:0:0:0: Attached scsi generic sg0 type 0
[    2.120219] sd 2:0:1:0: Attached scsi generic sg1 type 0
[    2.121141] sd 2:0:1:0: [sdb] 20480 512-byte logical blocks: (10.5 MB/10.0 MiB)
[    2.121297] sd 2:0:1:0: [sdb] Write Protect is off
[    2.121405] sd 2:0:1:0: [sdb] Incomplete mode parameter data
[    2.121407] sd 2:0:1:0: [sdb] Assuming drive cache: write through
[    2.123757] sd 2:0:1:0: [sdb] Attached SCSI disk
[    2.131285] sd 2:0:0:0: [sda] Write Protect is off
[    2.132835] sd 2:0:0:0: [sda] Incomplete mode parameter data
[    2.134450] sd 2:0:0:0: [sda] Assuming drive cache: write through
[    2.137161]  sda: sda1
[    2.138790] sd 2:0:0:0: [sda] Attached SCSI disk
Begin: Loading essential drivers ... [    3.644321] md: linear personality registered for level -1
[    3.647813] md: multipath personality registered for level -4
[    3.651643] md: raid0 personality registered for level 0
[    3.656453] md: raid1 personality registered for level 1
[    3.727943] raid6: sse2x1   gen() 10148 MB/s
[    3.795930] raid6: sse2x1   xor()  7136 MB/s
[    3.865034] raid6: sse2x2   gen() 11758 MB/s
[    3.943767] raid6: sse2x2   xor() 10382 MB/s
[    4.011981] raid6: sse2x4   gen() 14239 MB/s
[    4.091867] raid6: sse2x4   xor() 11251 MB/s
[    4.159919] raid6: avx2x1   gen() 17272 MB/s
[    4.231750] raid6: avx2x2   gen() 22783 MB/s
[    4.300123] raid6: avx2x4   gen() 24691 MB/s
[    4.301347] raid6: using algorithm avx2x4 gen() 24691 MB/s
[    4.302718] raid6: using avx2x2 recovery algorithm
[    4.305288] xor: automatically using best checksumming function:
[    4.343959]    avx       : 20101.000 MB/sec
[    4.346098] async_tx: api initialized (async)
[    4.354927] md: raid6 personality registered for level 6
[    4.356418] md: raid5 personality registered for level 5
[    4.357693] md: raid4 personality registered for level 4
[    4.364506] md: raid10 personality registered for level 10
done.
Begin: Running /scripts/init-premount ... done.
Begin: Mounting root file system ... Begin: Running /scripts/local-top ... done.
Begin: Running /scripts/local-premount ... [    4.396858] Btrfs loaded
Scanning for Btrfs filesystems
done.
Warning: fsck not present, so skipping root file system
[    4.429434] EXT4-fs (sda1): mounted filesystem with ordered data mode. Opts: (null)
done.
Begin: Running /scripts/local-bottom ... done.
Begin: Running /scripts/init-bottom ... done.
[    4.510464] systemd[1]: systemd 229 running in system mode. (+PAM +AUDIT +SELINUX +IMA +APPARMOR +SMACK +SYSVINIT +UTMP +LIBCRYPTSETUP +GCRYPT +GNUTLS +ACL +XZ -LZ4 +SECCOMP +BLKID +ELFUTILS +KMOD -IDN)
[    4.514761] systemd[1]: Detected virtualization oracle.
[    4.516234] systemd[1]: Detected architecture x86-64.

Welcome to [1mUbuntu 16.04.7 LTS[0m!

[    4.519749] systemd[1]: Set hostname to <ubuntu>.
[    4.522411] systemd[1]: Initializing machine ID from random generator.
[    4.524110] systemd[1]: Installed transient /etc/machine-id file.
[    4.643583] systemd[1]: Listening on /dev/initctl Compatibility Named Pipe.
[[0;32m  OK  [0m] Listening on /dev/initctl Compatibility Named Pipe.
[    4.646575] systemd[1]: Reached target Encrypted Volumes.
[[0;32m  OK  [0m] Reached target Encrypted Volumes.
[    4.649412] systemd[1]: Created slice System Slice.
[[0;32m  OK  [0m] Created slice System Slice.
[    4.652210] systemd[1]: Created slice system-serial\x2dgetty.slice.
[[0;32m  OK  [0m] Created slice system-serial\x2dgetty.slice.
[    4.654989] systemd[1]: Listening on LVM2 metadata daemon socket.
[[0;32m  OK  [0m] Listening on LVM2 metadata daemon socket.
[    4.657749] systemd[1]: Started Trigger resolvconf update for networkd DNS.
[[0;32m  OK  [0m] Started Trigger resolvconf update for networkd DNS.
[    4.660807] systemd[1]: Listening on Journal Socket.
[[0;32m  OK  [0m] Listening on Journal Socket.
[    4.676035] systemd[1]: Mounting POSIX Message Queue File System...
         Mounting POSIX Message Queue File System...
[    4.679478] systemd[1]: Starting Uncomplicated firewall...
         Starting Uncomplicated firewall...
[    4.684068] systemd[1]: Starting Load Kernel Modules...
         Starting Load Kernel Modules...
[    4.687296] systemd[1]: Mounting Debug File System...
         Mounting Debug File System...
[    4.690918] systemd[1]: Starting Set console keymap...
         Starting Set console keymap...
[    4.693796] systemd[1]: Listening on udev Kernel Socket.
[[0;32m  OK  [0m] Listening on udev Kernel Socket.
[    4.696732] systemd[1]: Started Forward Password Requests to Wall Directory Watch.
[    4.698945] Loading iSCSI transport class v2.0-870.
[[0;32m  OK  [0m] Started Forward Password Requests to Wall Directory Watch.
[    4.701098] systemd[1]: Set up automount Arbitrary Executable File Formats File System Automount Point.
[[0;32m  OK  [0m] Set up automount Arbitrary Executab...ats File System Automount Point.
[    4.705066] systemd[1]: Reached target User and Group Name Lookups.
[[0;32m  OK  [0m] Reached target User and Group Name Lookups.
[    4.708128] systemd[1]: Listening on fsck to fsckd communication Socket.
[[0;32m  OK  [0m] Listening on fsck to fsckd communication Socket.
[    4.714083] iscsi: registered transport (tcp)
[    4.724212] systemd[1]: Starting File System Check on Root Device...
         Starting File System Check on Root Device...
[    4.727764] systemd[1]: Mounting Huge Pages File System...
         Mounting Huge Pages File System...
[    4.732752] systemd[1]: Starting Create list of required static device nodes for the current kernel...
         Starting Create list of required st... nodes for the current kernel...
[    4.739601] systemd[1]: Listening on udev Control Socket.
[[0;32m  OK  [0m] Listening on udev Control Socket.
[    4.742898] systemd[1]: Listening on Journal Audit Socket.
[[0;32m  OK  [0m] Listening on Journal Audit Socket.
[    4.746050] systemd[1]: Listening on Journal Socket (/dev/log).
[[0;32m  OK  [0m] Listening on Journal Socket (/dev/log).
[    4.748694] systemd[1]: Listening on LVM2 poll daemon socket.
[[0;32m  OK  [0m] Listening on LVM2 poll daemon socket.
[    4.751899] systemd[1]: Reached target Swap.
[[0;32m  OK  [0m] Reached target Swap.
[    4.755028] systemd[1]: Reached target System Time Synchronized.
[[0;32m  OK  [0m] Reached target System Time Synchronized.
[    4.761530] systemd[1]: Starting Nameserver information manager...
         Starting Nameserver information manager...
[    4.764608] systemd[1]: Listening on Device-mapper event daemon FIFOs.
[[0;32m  OK  [0m] Listening on Device-mapper event daemon FIFOs.
[    4.769096] systemd[1]: Starting Monitoring of LVM2 mirrors, snapshots etc. using dmeventd or progress polling...
         Starting Monitoring of LVM2 mirrors... dmeventd or progress polling...
[    4.775824] systemd[1]: Created slice User and Session Slice.
[[0;32m  OK  [0m] Created slice User and Session Slice.
[    4.780828] systemd[1]: Reached target Slices.
[[0;32m  OK  [0m] Reached target Slices.
[    4.784412] systemd[1]: Listening on Syslog Socket.
[[0;32m  OK  [0m] Listening on Syslog Socket.
[    4.787365] systemd[1]: Starting Journal Service...
         Starting Journal Service...
[    4.791125] iscsi: registered transport (iser)
[    4.795967] systemd[1]: Mounted Huge Pages File System.
[[0;32m  OK  [0m] Mounted Huge Pages File System.
[    4.798450] systemd[1]: Mounted POSIX Message Queue File System.
[[0;32m  OK  [0m] Mounted POSIX Message Queue File System.
[    4.801174] systemd[1]: Mounted Debug File System.
[[0;32m  OK  [0m] Mounted Debug File System.
[    4.804525] systemd[1]: Started Uncomplicated firewall.
[[0;32m  OK  [0m] Started Uncomplicated firewall.
[    4.808167] systemd[1]: Started Load Kernel Modules.
[[0;32m  OK  [0m] Started Load Kernel Modules.
[    4.811014] systemd[1]: Started File System Check on Root Device.
[[0;32m  OK  [0m] Started File System Check on Root Device.
[    4.814129] systemd[1]: Started Set console keymap.
[[0;32m  OK  [0m] Started Set console keymap.
[    4.816649] systemd[1]: Started Create list of required static device nodes for the current kernel.
[[0;32m  OK  [0m] Started Create list of required sta...ce nodes for the current kernel.
[    4.838028] systemd[1]: Started Journal Service.
[[0;32m  OK  [0m] Started Journal Service.
[[0;32m  OK  [0m] Started Nameserver information manager.
[[0;32m  OK  [0m] Started File System Check Daemon to report status.
[[0;32m  OK  [0m] Started LVM2 metadata daemon.
         Starting Create Static Device Nodes in /dev...
         Starting Remount Root and Kernel File Systems...
         Starting Apply Kernel Variables...
         Mounting FUSE Control File System...
[    4.858046] EXT4-fs (sda1): re-mounted. Opts: (null)
[[0;32m  OK  [0m] Mounted FUSE Control File System.
[[0;32m  OK  [0m] Started Remount Root and Kernel File Systems.
[[0;32m  OK  [0m] Started Apply Kernel Variables.
         Starting Load/Save Random Seed...
         Starting Flush Journal to Persistent Storage...
         Starting udev Coldplug all Devices...
[[0;32m  OK  [0m] Started Create Static Device Nodes in /dev.
         Starting udev Kernel Device Manager...
[[0;32m  OK  [0m] Started Flush Journal to Persistent Storage.
[[0;32m  OK  [0m] Started Load/Save Random Seed.
[[0;32m  OK  [0m] Started udev Kernel Device Manager.
[[0;32m  OK  [0m] Started udev Coldplug all Devices.
[[0;32m  OK  [0m] Started Dispatch Password Requests to Console Directory Watch.
[[0;32m  OK  [0m] Started Monitoring of LVM2 mirrors,...ng dmeventd or progress polling.
[[0;32m  OK  [0m] Reached target Local File Systems (Pre).
[[0;32m  OK  [0m] Reached target Local File Systems.
         Starting Tell Plymouth To Write Out Runtime Data...
         Starting Initial cloud-init job (pre-networking)...
         Starting LSB: AppArmor initialization...
         Starting Commit a transient machine-id on disk...
         Starting Set console font and keymap...
         Starting Create Volatile Files and Directories...
[[0;32m  OK  [0m] Started Tell Plymouth To Write Out Runtime Data.
[[0;32m  OK  [0m] Started Create Volatile Files and Directories.
         Starting Update UTMP about System Boot/Shutdown...
[[0;32m  OK  [0m] Started Update UTMP about System Boot/Shutdown.
[[0;32m  OK  [0m] Started Commit a transient machine-id on disk.
[[0;32m  OK  [0m] Found device /dev/ttyS0.
[[0;32m  OK  [0m] Listening on Load/Save RF Kill Switch Status /dev/rfkill Watch.
[    6.617147] cloud-init[483]: Cloud-init v. 21.1-19-gbad84ad4-0ubuntu1~16.04.2 running 'init-local' at Thu, 25 Jan 2024 06:42:23 +0000. Up 5.89 seconds.
[[0;32m  OK  [0m] Started Initial cloud-init job (pre-networking).
[[0;32m  OK  [0m] Reached target Network (Pre).
[[0;32m  OK  [0m] Started Set console font and keymap.
[[0;32m  OK  [0m] Created slice system-getty.slice.
[[0;32m  OK  [0m] Started LSB: AppArmor initialization.
         Starting Raise network interfaces...
         Starting Load AppArmor profiles managed internally by snapd...
[[0;32m  OK  [0m] Started Load AppArmor profiles managed internally by snapd.
[[0;32m  OK  [0m] Started Raise network interfaces.
         Starting Initial cloud-init job (metadata service crawler)...
[[0;32m  OK  [0m] Reached target Network.
[    8.814015] cloud-init[942]: Cloud-init v. 21.1-19-gbad84ad4-0ubuntu1~16.04.2 running 'init' at Thu, 25 Jan 2024 06:42:25 +0000. Up 8.22 seconds.
[    8.815701] cloud-init[942]: ci-info: ++++++++++++++++++++++++++++++++++++++Net device info++++++++++++++++++++++++++++++++++++++
[    8.817494] cloud-init[942]: ci-info: +--------+------+----------------------------+---------------+--------+-------------------+
[    8.819115] cloud-init[942]: ci-info: | Device |  Up  |          Address           |      Mask     | Scope  |     Hw-Address    |
[    8.820916] cloud-init[942]: ci-info: +--------+------+----------------------------+---------------+--------+-------------------+
[    8.822593] cloud-init[942]: ci-info: | enp0s3 | True |         10.0.2.15          | 255.255.255.0 | global | 02:be:82:6b:cc:1d |
[    8.824404] cloud-init[942]: ci-info: | enp0s3 | True | fe80::be:82ff:fe6b:cc1d/64 |       .       |  link  | 02:be:82:6b:cc:1d |
[    8.826087] cloud-init[942]: ci-info: |   lo   | True |         127.0.0.1          |   255.0.0.0   |  host  |         .         |
[    8.827824] cloud-init[942]: ci-info: |   lo   | True |          ::1/128           |       .       |  host  |         .         |
[    8.829763] cloud-init[942]: ci-info: +--------+------+----------------------------+---------------+--------+-------------------+
[    8.831592] cloud-init[942]: ci-info: +++++++++++++++++++++++++++Route IPv4 info++++++++++++++++++++++++++++
[    8.833341] cloud-init[942]: ci-info: +-------+-------------+----------+---------------+-----------+-------+
[    8.834831] cloud-init[942]: ci-info: | Route | Destination | Gateway  |    Genmask    | Interface | Flags |
[    8.844421] cloud-init[942]: ci-info: +-------+-------------+----------+---------------+-----------+-------+
[    8.852496] cloud-init[942]: ci-info: |   0   |   0.0.0.0   | 10.0.2.2 |    0.0.0.0    |   enp0s3  |   UG  |
[    8.860456] cloud-init[942]: ci-info: |   1   |   10.0.2.0  | 0.0.0.0  | 255.255.255.0 |   enp0s3  |   U   |
[    8.862263] cloud-init[942]: ci-info: +-------+-------------+----------+---------------+-----------+-------+
[    8.868500] cloud-init[942]: ci-info: +++++++++++++++++++Route IPv6 info+++++++++++++++++++
[    8.870029] cloud-init[942]: ci-info: +-------+-------------+---------+-----------+-------+
[    8.876538] cloud-init[942]: ci-info: | Route | Destination | Gateway | Interface | Flags |
[    8.878134] cloud-init[942]: ci-info: +-------+-------------+---------+-----------+-------+
[    8.879627] cloud-init[942]: ci-info: |   0   |  fe80::/64  |    ::   |   enp0s3  |   U   |
[    8.881107] cloud-init[942]: ci-info: |   3   |   ff00::/8  |    ::   |   enp0s3  |   U   |
[    8.888436] cloud-init[942]: ci-info: +-------+-------------+---------+-----------+-------+
[    8.896442] cloud-init[942]: Generating public/private rsa key pair.
[    8.896612] cloud-init[942]: Your identification has been saved in /etc/ssh/ssh_host_rsa_key.
[    8.897119] cloud-init[942]: Your public key has been saved in /etc/ssh/ssh_host_rsa_key.pub.
[    8.897591] cloud-init[942]: The key fingerprint is:
[    8.898088] cloud-init[942]: SHA256:VCsAljTTpKZXzEP4PaVwuUr/R/SQQ3khHN4MssYaWDo root@ubuntu-xenial
[    8.898611] cloud-init[942]: The key's randomart image is:
[    8.899169] cloud-init[942]: +---[RSA 2048]----+
[    8.899777] cloud-init[942]: |   .**+ ..o.+o.. |
[    8.899944] cloud-init[942]: |   .oBo=oo.=+=.  |
[    8.900565] cloud-init[942]: |    o.E+++=..oo  |
[    8.901035] cloud-init[942]: |   o .o+==  =    |
[    8.901632] cloud-init[942]: |  . .. oS. . +   |
[    8.902238] cloud-init[942]: |   .  . .   . .  |
[    8.902683] cloud-init[942]: |         . .     |
[    8.903139] cloud-init[942]: |          . .    |
[    8.903608] cloud-init[942]: |           .     |
[    8.904144] cloud-init[942]: +----[SHA256]-----+
[    8.904727] cloud-init[942]: Generating public/private dsa key pair.
[    8.905022] cloud-init[942]: Your identification has been saved in /etc/ssh/ssh_host_dsa_key.
[    8.905508] cloud-init[942]: Your public key has been saved in /etc/ssh/ssh_host_dsa_key.pub.
[    8.906039] cloud-init[942]: The key fingerprint is:
[    8.906546] cloud-init[942]: SHA256:3uxdXfCZue+7CRpVHdYZLESNw/dw1PAvBtmcealEtV8 root@ubuntu-xenial
[    8.907031] cloud-init[942]: The key's randomart image is:
[    8.907540] cloud-init[942]: +---[DSA 1024]----+
[    8.907859] cloud-init[942]: |            ++*B*|
[    8.908204] cloud-init[942]: |            .OoOO|
[    8.908658] cloud-init[942]: |            o.X*E|
[    8.908778] cloud-init[942]: |            ..o+O|
[    8.909072] cloud-init[942]: |        S    oo+=|
[    8.909593] cloud-init[942]: |       . o  .. oo|
[    8.910384] cloud-init[942]: |        . o. ....|
[    8.910846] cloud-init[942]: |         . .o.. o|
[    8.911457] cloud-init[942]: |          ...  ==|
[    8.911906] cloud-init[942]: +----[SHA256]-----+
[    8.913027] cloud-init[942]: Generating public/private ecdsa key pair.
[    8.913584] cloud-init[942]: Your identification has been saved in /etc/ssh/ssh_host_ecdsa_key.
[    8.914122] cloud-init[942]: Your public key has been saved in /etc/ssh/ssh_host_ecdsa_key.pub.
[    8.914567] cloud-init[942]: The key fingerprint is:
[    8.914844] cloud-init[942]: SHA256:+bv7Gt40xoLIy2FdU7UNpzLM7DbvKaaczWprB6EcoZs root@ubuntu-xenial
[    8.915133] cloud-init[942]: The key's randomart image is:
[    8.915437] cloud-init[942]: +---[ECDSA 256]---+
[    8.915717] cloud-init[942]: |              o .|
[    8.916009] cloud-init[942]: |        .  + . * |
[    8.916292] cloud-init[942]: |       . .  B o .|
[    8.916584] cloud-init[942]: |      . ...o o   |
[    8.916869] cloud-init[942]: |       +Soo.+    |
[    8.917144] cloud-init[942]: |     .Eoo+.+ o   |
[    8.917437] cloud-init[942]: |      = o +.= .  |
[    8.917766] cloud-init[942]: |     o o oo@+o . |
[    8.918188] cloud-init[942]: |      o  o%@=.o  |
[    8.918584] cloud-init[942]: +----[SHA256]-----+
[    8.919002] cloud-init[942]: Generating public/private ed25519 key pair.
[    8.919309] cloud-init[942]: Your identification has been saved in /etc/ssh/ssh_host_ed25519_key.
[    8.919755] cloud-init[942]: Your public key has been saved in /etc/ssh/ssh_host_ed25519_key.pub.
[    8.920155] cloud-init[942]: The key fingerprint is:
[[0;32m  OK  [0m] Started Initial cloud-init job (metadata service crawler).
[[0;32m  OK  [0m] Reached target System Initialization.
[[0;32m  OK  [0m] Listening on ACPID Listen Socket.
         Starting Socket activation for snappy daemon.
[    8.921057] cloud-init[942]: SHA256:4e7Ag3ooKGOCHajNWqRLkn9uj56IPOgBQ2GbOMroteE root@ubuntu-xenial
[    8.934976] [[0;32m  OK  [0m] Started ACPI Events Check.
[[0;32m  OK  [0m] Reached target Paths.
[[0;32m  OK  [0m] Listening on D-Bus System Message Bus Socket.
[[0;32m  OK  [0m] Started Daily apt download activities.
[[0;32m  OK  [0m] Started Message of the Day.
[[0;32m  OK  [0m] Started Ubuntu Advantage update messaging.
cloud-init[942]:          Starting LXD - unix socket.
[[0;32m  OK  [0m] Listening on UUID daemon activation socket.
[[0;32m  OK  [0m] Started Daily apt upgrade and clean activities.
[[0;32m  OK  [0m] Started Daily Cleanup of Temporary Directories.
[[0;32m  OK  [0m] Reached target Timers.
[[0;32m  OK  [0m] Reached target Cloud-config availability.
[[0;32m  OK  [0m] Reached target Network is Online.
The key's randomart image is:
[    8.942995] cloud-init[942]: +--[ED25519 256]--+
[    8.943848] cloud-init[942]: | o               |
[    8.944918] cloud-init[942]: |o +              |
[    8.945868] cloud-init[942]: |o+      .        |
[    8.946756] cloud-init[942]: |=.     . .       |
[    8.947691] cloud-init[942]: |=o.o    S        |
[    8.948736] cloud-init[942]: |+=+ oo .         |
[    8.949751] cloud-init[942]: |OB.E. + .        |
[    8.950666] cloud-init[942]: |&B*o+o +         |
         Starting iSCSI initiator daemon (iscsid)...
[[0;32m  OK  [0m] Listening on Socket activation for snappy daemon.
[    8.958780] [[0;32m  OK  [0m] Listening on LXD - unix socket.
[[0;32m  OK  [0m] Reached target Sockets.
[[0;32m  OK  [0m] Reached target Basic System.
cloud-init         Starting System Logging Service...
         Starting LSB: MD monitoring daemon...
         Starting Virtualbox guest utils...
         Starting /etc/rc.local Compatibility...
         Starting Accounts Service...
         Starting LSB: Record successful boot for GRUB...
[[0;32m  OK  [0m] Started FUSE filesystem for LXC.
[942]: |O*=*=.. .        |
[    8.978259] [[0;32m  OK  [0m] Started D-Bus System Message Bus.
cloud-init[942]: +----[SHA256]-----+
         Starting Pollinate to seed the pseudo random number generator...
[[0;32m  OK  [0m] Started Deferred execution scheduler.
         Starting LXD - container startup/shutdown...
[[0;32m  OK  [0m] Started ACPI event daemon.
         Starting Login Service...
         Starting Snap Daemon...
[[0;32m  OK  [0m] Started Regular background program processing daemon.
[[0;32m  OK  [0m] Started System Logging Service.
[[0;32m  OK  [0m] Started /etc/rc.local Compatibility.
         Starting Authenticate and Authorize Users to Run Privileged Tasks...
[[0;32m  OK  [0m] Started Login Service.
[[0;32m  OK  [0m] Started iSCSI initiator daemon (iscsid).
         Starting Login to default iSCSI targets...
[[0;32m  OK  [0m] Started Unattended Upgrades Shutdown.
[[0;32m  OK  [0m] Started LSB: Record successful boot for GRUB.
[[0;32m  OK  [0m] Started LSB: MD monitoring daemon.
[[0;32m  OK  [0m] Started Login to default iSCSI targets.
[[0;32m  OK  [0m] Reached target Remote File Systems (Pre).
[[0;32m  OK  [0m] Reached target Remote File Systems.
         Starting LSB: automatic crash report generation...
         Starting Permit User Sessions...
         Starting LSB: daemon to balance interrupts for SMP systems...
         Starting LSB: Set the CPU Frequency Scaling governor to "ondemand"...
[[0;32m  OK  [0m] Started Permit User Sessions.
         Starting Hold until boot process finishes up...
         Starting Terminate Plymouth Boot Screen...
[[0;32m  OK  [0m] Started Hold until boot process finishes up.
[[0;32m  OK  [0m] Started Terminate Plymouth Boot Screen.
[[0;32m  OK  [0m] Started Getty on tty1.
[[0;32m  OK  [0m] Started Serial Getty on ttyS0.
[[0;32m  OK  [0m] Reached target Login Prompts.
         Starting Set console scheme...
[[0;32m  OK  [0m] Started Authenticate and Authorize Users to Run Privileged Tasks.
[[0;32m  OK  [0m] Started Set console scheme.
[[0;32m  OK  [0m] Started Accounts Service.
[[0;32m  OK  [0m] Started LSB: Set the CPU Frequency Scaling governor to "ondemand".
[[0;32m  OK  [0m] Started LSB: daemon to balance interrupts for SMP systems.
[[0;32m  OK  [0m] Started LXD - container startup/shutdown.
[[0;32m  OK  [0m] Started LSB: automatic crash report generation.
[[0;32m  OK  [0m] Started Virtualbox guest utils.
[[0;32m  OK  [0m] Started Snap Daemon.
         Starting Wait until snapd is fully seeded...
[[0;32m  OK  [0m] Started Pollinate to seed the pseudo random number generator.
         Starting OpenBSD Secure Shell server...
[[0;32m  OK  [0m] Started OpenBSD Secure Shell server.
[[0;32m  OK  [0m] Created slice User Slice of vagrant.
         Starting User Manager for UID 1000...
[[0;32m  OK  [0m] Started Session 1 of user vagrant.
[[0;32m  OK  [0m] Started User Manager for UID 1000.
[[0;32m  OK  [0m] Started Wait until snapd is fully seeded.
[[0;32m  OK  [0m] Reached target Multi-User System.
[[0;32m  OK  [0m] Reached target Graphical Interface.
         Starting Update UTMP about System Runlevel Changes...
         Starting Apply the settings specified in cloud-config...
[[0;32m  OK  [0m] Started Update UTMP about System Runlevel Changes.
[   14.433974] cloud-init[1377]: Generating locales (this might take a while)...

Ubuntu 16.04.7 LTS ubuntu-xenial ttyS0

ubuntu-xenial login: [   15.588816] cloud-init[1377]:   en_US.UTF-8... done
[   15.591015] cloud-init[1377]: Generation complete.
[   16.023988] cloud-init[1377]: Cloud-init v. 21.1-19-gbad84ad4-0ubuntu1~16.04.2 running 'modules:config' at Thu, 25 Jan 2024 06:42:31 +0000. Up 14.25 seconds.
ci-info: no authorized SSH keys fingerprints found for user ubuntu.
<14>Jan 25 06:42:34 ec2: 
<14>Jan 25 06:42:34 ec2: #############################################################
<14>Jan 25 06:42:34 ec2: -----BEGIN SSH HOST KEY FINGERPRINTS-----
<14>Jan 25 06:42:34 ec2: 1024 SHA256:3uxdXfCZue+7CRpVHdYZLESNw/dw1PAvBtmcealEtV8 root@ubuntu-xenial (DSA)
<14>Jan 25 06:42:34 ec2: 256 SHA256:+bv7Gt40xoLIy2FdU7UNpzLM7DbvKaaczWprB6EcoZs root@ubuntu-xenial (ECDSA)
<14>Jan 25 06:42:34 ec2: 256 SHA256:4e7Ag3ooKGOCHajNWqRLkn9uj56IPOgBQ2GbOMroteE root@ubuntu-xenial (ED25519)
<14>Jan 25 06:42:34 ec2: 2048 SHA256:VCsAljTTpKZXzEP4PaVwuUr/R/SQQ3khHN4MssYaWDo root@ubuntu-xenial (RSA)
<14>Jan 25 06:42:34 ec2: -----END SSH HOST KEY FINGERPRINTS-----
<14>Jan 25 06:42:34 ec2: #############################################################
-----BEGIN SSH HOST KEY KEYS-----
ecdsa-sha2-nistp256 AAAAE2VjZHNhLXNoYTItbmlzdHAyNTYAAAAIbmlzdHAyNTYAAABBBA4GnYJt6aB/OMDdKT5CC2aObbL+fTbDES+sk5a5xpwuV00AQPYqIBm2GIFBE7Nn807ja7fqESko/iCkOm7+Piw= root@ubuntu-xenial
ssh-ed25519 AAAAC3NzaC1lZDI1NTE5AAAAIEwmiCVGyKH2RVWA+HQhd10DSMtnafGj581YwDmNwxRW root@ubuntu-xenial
ssh-rsa AAAAB3NzaC1yc2EAAAADAQABAAABAQDrrLubo2ov++FFVKc3HCxeAvtUtyNqEPiYC92debVJKbxd04iUGfxnFXoyWLtTpS6xtBLugrG5mg2Ef64EFdCLX5rHvmWX0i57j5uul6A9I2fpqmo07ldI0isiZtuqyb70eHztzDeuE6TBvZk/gnpcxB7FihLD9hXzAshryvy55v7f4jhtsesFHQQZtVQ79MhCIhAdOvvYdir+mC2gnfAdlcrFkoMJwOmLhLAP0hFKq65IzKnmJj73VsuaxIbCWb9R3BsijIgrybFq3RvK60hBMmOjIrPsUUnnFXFEjwt5Ds57X21C2l64C+AGgRHaLBC8YmvTikolbOsqfKkntIad root@ubuntu-xenial
-----END SSH HOST KEY KEYS-----
[   16.751568] cloud-init[1521]: Cloud-init v. 21.1-19-gbad84ad4-0ubuntu1~16.04.2 running 'modules:final' at Thu, 25 Jan 2024 06:42:34 +0000. Up 16.54 seconds.
[   16.752711] cloud-init[1521]: ci-info: no authorized SSH keys fingerprints found for user ubuntu.
[   16.752884] cloud-init[1521]: Cloud-init v. 21.1-19-gbad84ad4-0ubuntu1~16.04.2 finished at Thu, 25 Jan 2024 06:42:34 +0000. Datasource DataSourceNoCloud [seed=/dev/sdb][dsmode=net].  Up 16.73 seconds
